#
# There is insufficient memory for the Java Runtime Environment to continue.
# Native memory allocation (malloc) failed to allocate 32744 bytes for ChunkPool::allocate
# Possible reasons:
#   The system is out of physical RAM or swap space
#   The process is running with CompressedOops enabled, and the Java Heap may be blocking the growth of the native heap
# Possible solutions:
#   Reduce memory load on the system
#   Increase physical memory or swap space
#   Check if swap backing store is full
#   Decrease Java heap size (-Xmx/-Xms)
#   Decrease number of Java threads
#   Decrease Java thread stack sizes (-Xss)
#   Set larger code cache with -XX:ReservedCodeCacheSize=
#   JVM is running with Unscaled Compressed Oops mode in which the Java heap is
#     placed in the first 4GB address space. The Java Heap base address is the
#     maximum limit for the native heap growth. Please use -XX:HeapBaseMinAddress
#     to set the Java Heap base and to place the Java Heap above 4GB virtual address.
# This output file may be truncated or incomplete.
#
#  Out of Memory Error (arena.cpp:81), pid=7036, tid=1900
#
# JRE version: OpenJDK Runtime Environment Temurin-11.0.19+7 (11.0.19+7) (build 11.0.19+7)
# Java VM: OpenJDK 64-Bit Server VM Temurin-11.0.19+7 (11.0.19+7, mixed mode, tiered, compressed oops, g1 gc, windows-amd64)
# No core dump will be written. Minidumps are not enabled by default on client versions of Windows
#

---------------  S U M M A R Y ------------

Command Line: artifacts/app-ibank.jar -P:profile=test

Host: Intel(R) Pentium(R) CPU G840 @ 2.80GHz, 2 cores, 3G,  Windows 7 , 64 bit Build 7601 (6.1.7601.23915)
Time: Wed Jul 12 22:34:56 2023 RTZ 7 (зима) elapsed time: 978.167116 seconds (0d 0h 16m 18s)

---------------  T H R E A D  ---------------

Current thread (0x000000005f658000):  JavaThread "C2 CompilerThread0" daemon [_thread_in_native, id=1900, stack(0x000000005ff80000,0x0000000060080000)]


Current CompileTask:
C2: 978194 1517       4       kotlinx.coroutines.internal.ThreadContextKt$countAll$1::invoke (10 bytes)

Stack: [0x000000005ff80000,0x0000000060080000]
Native frames: (J=compiled Java code, j=interpreted, Vv=VM code, C=native code)
V  [jvm.dll+0x64fb5a]
V  [jvm.dll+0x7e3549]
V  [jvm.dll+0x7e4c49]
V  [jvm.dll+0x7e5333]
V  [jvm.dll+0x26afd5]
V  [jvm.dll+0xc1cbf]
V  [jvm.dll+0xc200c]
V  [jvm.dll+0xc1b6b]
V  [jvm.dll+0x62c94f]
V  [jvm.dll+0x681c0d]
V  [jvm.dll+0x1b3a70]
V  [jvm.dll+0x222ecf]
V  [jvm.dll+0x221d88]
V  [jvm.dll+0x19e6c1]
V  [jvm.dll+0x231f59]
V  [jvm.dll+0x2300af]
V  [jvm.dll+0x7a48d0]
V  [jvm.dll+0x79d6e4]
V  [jvm.dll+0x64e915]
C  [ucrtbase.DLL+0x1c1ae]
C  [kernel32.dll+0x159cd]
C  [ntdll.dll+0x2a561]


---------------  P R O C E S S  ---------------

Threads class SMR info:
_java_thread_list=0x0000000061286fd0, length=14, elements={
0x0000000000530000, 0x000000005f633000, 0x000000005f63d000, 0x000000005f650000,
0x000000005f653800, 0x000000005f657000, 0x000000005f658000, 0x000000005f65a000,
0x000000001ec1f000, 0x0000000060641800, 0x0000000060824000, 0x0000000060825000,
0x0000000061157000, 0x000000006152f000
}

Java Threads: ( => current thread )
  0x0000000000530000 JavaThread "main" [_thread_blocked, id=6336, stack(0x0000000000330000,0x0000000000430000)]
  0x000000005f633000 JavaThread "Reference Handler" daemon [_thread_blocked, id=5184, stack(0x000000005fa60000,0x000000005fb60000)]
  0x000000005f63d000 JavaThread "Finalizer" daemon [_thread_blocked, id=7948, stack(0x000000005f7a0000,0x000000005f8a0000)]
  0x000000005f650000 JavaThread "Signal Dispatcher" daemon [_thread_blocked, id=4992, stack(0x000000005fcc0000,0x000000005fdc0000)]
  0x000000005f653800 JavaThread "Attach Listener" daemon [_thread_blocked, id=8100, stack(0x000000005fdf0000,0x000000005fef0000)]
  0x000000005f657000 JavaThread "Service Thread" daemon [_thread_blocked, id=5468, stack(0x00000000600c0000,0x00000000601c0000)]
=>0x000000005f658000 JavaThread "C2 CompilerThread0" daemon [_thread_in_native, id=1900, stack(0x000000005ff80000,0x0000000060080000)]
  0x000000005f65a000 JavaThread "C1 CompilerThread0" daemon [_thread_blocked, id=7840, stack(0x0000000060310000,0x0000000060410000)]
  0x000000001ec1f000 JavaThread "Sweeper thread" daemon [_thread_blocked, id=6584, stack(0x00000000604c0000,0x00000000605c0000)]
  0x0000000060641800 JavaThread "Common-Cleaner" daemon [_thread_blocked, id=7888, stack(0x00000000601f0000,0x00000000602f0000)]
  0x0000000060824000 JavaThread "DefaultDispatcher-worker-1" daemon [_thread_blocked, id=1740, stack(0x0000000060e20000,0x0000000060f20000)]
  0x0000000060825000 JavaThread "DefaultDispatcher-worker-2" daemon [_thread_blocked, id=7612, stack(0x0000000061e00000,0x0000000061f00000)]
  0x0000000061157000 JavaThread "DefaultDispatcher-worker-3" daemon [_thread_blocked, id=6412, stack(0x0000000061f00000,0x0000000062000000)]
  0x000000006152f000 JavaThread "DefaultDispatcher-worker-4" daemon [_thread_in_vm, id=3876, stack(0x0000000062610000,0x0000000062710000)]

Other Threads:
  0x000000001ec11000 VMThread "VM Thread" [stack: 0x000000005f940000,0x000000005fa40000] [id=5348]
  0x00000000605fe000 WatcherThread [stack: 0x00000000609d0000,0x0000000060ad0000] [id=3312]
  0x0000000000549000 GCTaskThread "GC Thread#0" [stack: 0x000000001a080000,0x000000001a180000] [id=8124]
  0x00000000608f2800 GCTaskThread "GC Thread#1" [stack: 0x0000000060f80000,0x0000000061080000] [id=2028]
  0x0000000000564800 ConcurrentGCThread "G1 Main Marker" [stack: 0x000000001c6a0000,0x000000001c7a0000] [id=1460]
  0x0000000000565800 ConcurrentGCThread "G1 Conc#0" [stack: 0x0000000002430000,0x0000000002530000] [id=8056]
  0x00000000005af800 ConcurrentGCThread "G1 Refine#0" [stack: 0x000000001ea20000,0x000000001eb20000] [id=7332]
  0x00000000005b0800 ConcurrentGCThread "G1 Young RemSet Sampling" [stack: 0x000000001ec70000,0x000000001ed70000] [id=7092]

Threads with active compile tasks:
C2 CompilerThread0   991336 1517       4       kotlinx.coroutines.internal.ThreadContextKt$countAll$1::invoke (10 bytes)

VM state:not at safepoint (normal execution)

VM Mutex/Monitor currently owned by a thread: None

Heap address: 0x00000000c4400000, size: 956 MB, Compressed Oops mode: 32-bit
Narrow klass base: 0x0000000000000000, Narrow klass shift: 0
Compressed class space size: 1073741824 Address: 0x000000001ed70000

Heap:
 garbage-first heap   total 61440K, used 13986K [0x00000000c4400000, 0x0000000100000000)
  region size 1024K, 12 young (12288K), 2 survivors (2048K)
 Metaspace       used 23910K, capacity 24150K, committed 24448K, reserved 1071104K
  class space    used 2517K, capacity 2597K, committed 2688K, reserved 1048576K
Heap Regions: E=young(eden), S=young(survivor), O=old, HS=humongous(starts), HC=humongous(continues), CS=collection set, F=free, A=archive, TAMS=top-at-mark-start (previous, next)
|   0|0x00000000c4400000, 0x00000000c4500000, 0x00000000c4500000|100%| O|  |TAMS 0x00000000c4500000, 0x00000000c4400000| Untracked 
|   1|0x00000000c4500000, 0x00000000c4600000, 0x00000000c4600000|100%|HS|  |TAMS 0x00000000c4600000, 0x00000000c4500000| Complete 
|   2|0x00000000c4600000, 0x00000000c4700000, 0x00000000c4700000|100%| O|  |TAMS 0x00000000c4700000, 0x00000000c4600000| Untracked 
|   3|0x00000000c4700000, 0x00000000c4774e00, 0x00000000c4800000| 45%| O|  |TAMS 0x00000000c4774e00, 0x00000000c4700000| Untracked 
|   4|0x00000000c4800000, 0x00000000c4800000, 0x00000000c4900000|  0%| F|  |TAMS 0x00000000c4800000, 0x00000000c4800000| Untracked 
|   5|0x00000000c4900000, 0x00000000c4900000, 0x00000000c4a00000|  0%| F|  |TAMS 0x00000000c4900000, 0x00000000c4900000| Untracked 
|   6|0x00000000c4a00000, 0x00000000c4a00000, 0x00000000c4b00000|  0%| F|  |TAMS 0x00000000c4a00000, 0x00000000c4a00000| Untracked 
|   7|0x00000000c4b00000, 0x00000000c4b00000, 0x00000000c4c00000|  0%| F|  |TAMS 0x00000000c4b00000, 0x00000000c4b00000| Untracked 
|   8|0x00000000c4c00000, 0x00000000c4c00000, 0x00000000c4d00000|  0%| F|  |TAMS 0x00000000c4c00000, 0x00000000c4c00000| Untracked 
|   9|0x00000000c4d00000, 0x00000000c4d00000, 0x00000000c4e00000|  0%| F|  |TAMS 0x00000000c4d00000, 0x00000000c4d00000| Untracked 
|  10|0x00000000c4e00000, 0x00000000c4e00000, 0x00000000c4f00000|  0%| F|  |TAMS 0x00000000c4e00000, 0x00000000c4e00000| Untracked 
|  11|0x00000000c4f00000, 0x00000000c4f00000, 0x00000000c5000000|  0%| F|  |TAMS 0x00000000c4f00000, 0x00000000c4f00000| Untracked 
|  12|0x00000000c5000000, 0x00000000c5000000, 0x00000000c5100000|  0%| F|  |TAMS 0x00000000c5000000, 0x00000000c5000000| Untracked 
|  13|0x00000000c5100000, 0x00000000c5100000, 0x00000000c5200000|  0%| F|  |TAMS 0x00000000c5100000, 0x00000000c5100000| Untracked 
|  14|0x00000000c5200000, 0x00000000c5200000, 0x00000000c5300000|  0%| F|  |TAMS 0x00000000c5200000, 0x00000000c5200000| Untracked 
|  15|0x00000000c5300000, 0x00000000c5300000, 0x00000000c5400000|  0%| F|  |TAMS 0x00000000c5300000, 0x00000000c5300000| Untracked 
|  16|0x00000000c5400000, 0x00000000c5400000, 0x00000000c5500000|  0%| F|  |TAMS 0x00000000c5400000, 0x00000000c5400000| Untracked 
|  17|0x00000000c5500000, 0x00000000c5500000, 0x00000000c5600000|  0%| F|  |TAMS 0x00000000c5500000, 0x00000000c5500000| Untracked 
|  18|0x00000000c5600000, 0x00000000c5600000, 0x00000000c5700000|  0%| F|  |TAMS 0x00000000c5600000, 0x00000000c5600000| Untracked 
|  19|0x00000000c5700000, 0x00000000c5700000, 0x00000000c5800000|  0%| F|  |TAMS 0x00000000c5700000, 0x00000000c5700000| Untracked 
|  20|0x00000000c5800000, 0x00000000c5800000, 0x00000000c5900000|  0%| F|  |TAMS 0x00000000c5800000, 0x00000000c5800000| Untracked 
|  21|0x00000000c5900000, 0x00000000c5900000, 0x00000000c5a00000|  0%| F|  |TAMS 0x00000000c5900000, 0x00000000c5900000| Untracked 
|  22|0x00000000c5a00000, 0x00000000c5a00000, 0x00000000c5b00000|  0%| F|  |TAMS 0x00000000c5a00000, 0x00000000c5a00000| Untracked 
|  23|0x00000000c5b00000, 0x00000000c5b00000, 0x00000000c5c00000|  0%| F|  |TAMS 0x00000000c5b00000, 0x00000000c5b00000| Untracked 
|  24|0x00000000c5c00000, 0x00000000c5c00000, 0x00000000c5d00000|  0%| F|  |TAMS 0x00000000c5c00000, 0x00000000c5c00000| Untracked 
|  25|0x00000000c5d00000, 0x00000000c5d00000, 0x00000000c5e00000|  0%| F|  |TAMS 0x00000000c5d00000, 0x00000000c5d00000| Untracked 
|  26|0x00000000c5e00000, 0x00000000c5e00000, 0x00000000c5f00000|  0%| F|  |TAMS 0x00000000c5e00000, 0x00000000c5e00000| Untracked 
|  27|0x00000000c5f00000, 0x00000000c5f00000, 0x00000000c6000000|  0%| F|  |TAMS 0x00000000c5f00000, 0x00000000c5f00000| Untracked 
|  28|0x00000000c6000000, 0x00000000c6000000, 0x00000000c6100000|  0%| F|  |TAMS 0x00000000c6000000, 0x00000000c6000000| Untracked 
|  29|0x00000000c6100000, 0x00000000c6100000, 0x00000000c6200000|  0%| F|  |TAMS 0x00000000c6100000, 0x00000000c6100000| Untracked 
|  30|0x00000000c6200000, 0x00000000c6200000, 0x00000000c6300000|  0%| F|  |TAMS 0x00000000c6200000, 0x00000000c6200000| Untracked 
|  31|0x00000000c6300000, 0x00000000c6300000, 0x00000000c6400000|  0%| F|  |TAMS 0x00000000c6300000, 0x00000000c6300000| Untracked 
|  32|0x00000000c6400000, 0x00000000c6400000, 0x00000000c6500000|  0%| F|  |TAMS 0x00000000c6400000, 0x00000000c6400000| Untracked 
|  33|0x00000000c6500000, 0x00000000c6500000, 0x00000000c6600000|  0%| F|  |TAMS 0x00000000c6500000, 0x00000000c6500000| Untracked 
|  34|0x00000000c6600000, 0x00000000c6600000, 0x00000000c6700000|  0%| F|  |TAMS 0x00000000c6600000, 0x00000000c6600000| Untracked 
|  35|0x00000000c6700000, 0x00000000c6700000, 0x00000000c6800000|  0%| F|  |TAMS 0x00000000c6700000, 0x00000000c6700000| Untracked 
|  36|0x00000000c6800000, 0x00000000c6800000, 0x00000000c6900000|  0%| F|  |TAMS 0x00000000c6800000, 0x00000000c6800000| Untracked 
|  37|0x00000000c6900000, 0x00000000c6900000, 0x00000000c6a00000|  0%| F|  |TAMS 0x00000000c6900000, 0x00000000c6900000| Untracked 
|  38|0x00000000c6a00000, 0x00000000c6a00000, 0x00000000c6b00000|  0%| F|  |TAMS 0x00000000c6a00000, 0x00000000c6a00000| Untracked 
|  39|0x00000000c6b00000, 0x00000000c6b00000, 0x00000000c6c00000|  0%| F|  |TAMS 0x00000000c6b00000, 0x00000000c6b00000| Untracked 
|  40|0x00000000c6c00000, 0x00000000c6c00000, 0x00000000c6d00000|  0%| F|  |TAMS 0x00000000c6c00000, 0x00000000c6c00000| Untracked 
|  41|0x00000000c6d00000, 0x00000000c6d00000, 0x00000000c6e00000|  0%| F|  |TAMS 0x00000000c6d00000, 0x00000000c6d00000| Untracked 
|  42|0x00000000c6e00000, 0x00000000c6e00000, 0x00000000c6f00000|  0%| F|  |TAMS 0x00000000c6e00000, 0x00000000c6e00000| Untracked 
|  43|0x00000000c6f00000, 0x00000000c6f00000, 0x00000000c7000000|  0%| F|  |TAMS 0x00000000c6f00000, 0x00000000c6f00000| Untracked 
|  44|0x00000000c7000000, 0x00000000c7000000, 0x00000000c7100000|  0%| F|  |TAMS 0x00000000c7000000, 0x00000000c7000000| Untracked 
|  45|0x00000000c7100000, 0x00000000c7100000, 0x00000000c7200000|  0%| F|  |TAMS 0x00000000c7100000, 0x00000000c7100000| Untracked 
|  46|0x00000000c7200000, 0x00000000c7200000, 0x00000000c7300000|  0%| F|  |TAMS 0x00000000c7200000, 0x00000000c7200000| Untracked 
|  47|0x00000000c7300000, 0x00000000c7300000, 0x00000000c7400000|  0%| F|  |TAMS 0x00000000c7300000, 0x00000000c7300000| Untracked 
|  48|0x00000000c7400000, 0x00000000c7400800, 0x00000000c7500000|  0%| E|  |TAMS 0x00000000c7400000, 0x00000000c7400000| Complete 
|  49|0x00000000c7500000, 0x00000000c7600000, 0x00000000c7600000|100%| E|CS|TAMS 0x00000000c7500000, 0x00000000c7500000| Complete 
|  50|0x00000000c7600000, 0x00000000c7700000, 0x00000000c7700000|100%| E|CS|TAMS 0x00000000c7600000, 0x00000000c7600000| Complete 
|  51|0x00000000c7700000, 0x00000000c7800000, 0x00000000c7800000|100%| E|CS|TAMS 0x00000000c7700000, 0x00000000c7700000| Complete 
|  52|0x00000000c7800000, 0x00000000c7900000, 0x00000000c7900000|100%| E|CS|TAMS 0x00000000c7800000, 0x00000000c7800000| Complete 
|  53|0x00000000c7900000, 0x00000000c7a00000, 0x00000000c7a00000|100%| E|CS|TAMS 0x00000000c7900000, 0x00000000c7900000| Complete 
|  54|0x00000000c7a00000, 0x00000000c7b00000, 0x00000000c7b00000|100%| E|CS|TAMS 0x00000000c7a00000, 0x00000000c7a00000| Complete 
|  55|0x00000000c7b00000, 0x00000000c7c00000, 0x00000000c7c00000|100%| E|CS|TAMS 0x00000000c7b00000, 0x00000000c7b00000| Complete 
|  56|0x00000000c7c00000, 0x00000000c7d00000, 0x00000000c7d00000|100%| E|CS|TAMS 0x00000000c7c00000, 0x00000000c7c00000| Complete 
|  57|0x00000000c7d00000, 0x00000000c7d33a10, 0x00000000c7e00000| 20%| S|CS|TAMS 0x00000000c7d00000, 0x00000000c7d00000| Complete 
|  58|0x00000000c7e00000, 0x00000000c7f00000, 0x00000000c7f00000|100%| S|CS|TAMS 0x00000000c7e00000, 0x00000000c7e00000| Complete 
|  59|0x00000000c7f00000, 0x00000000c8000000, 0x00000000c8000000|100%| E|CS|TAMS 0x00000000c7f00000, 0x00000000c7f00000| Complete 

Card table byte_map: [0x000000001a470000,0x000000001a650000] _byte_map_base: 0x0000000019e4e000

Marking Bits (Prev, Next): (CMBitMap*) 0x000000000055fbd0, (CMBitMap*) 0x000000000055fb98
 Prev Bits: [0x000000001b720000, 0x000000001c610000)
 Next Bits: [0x000000001a830000, 0x000000001b720000)

Polling page: 0x0000000000430000

Metaspace:

Usage:
  Non-class:     21.05 MB capacity,    20.89 MB (>99%) used,   133.80 KB ( <1%) free+waste,    26.13 KB ( <1%) overhead. 
      Class:      2.54 MB capacity,     2.46 MB ( 97%) used,    69.72 KB (  3%) free+waste,     9.81 KB ( <1%) overhead. 
       Both:     23.58 MB capacity,    23.35 MB (>99%) used,   203.52 KB ( <1%) free+waste,    35.94 KB ( <1%) overhead. 

Virtual space:
  Non-class space:       22.00 MB reserved,      21.25 MB ( 97%) committed 
      Class space:        1.00 GB reserved,       2.63 MB ( <1%) committed 
             Both:        1.02 GB reserved,      23.88 MB (  2%) committed 

Chunk freelists:
   Non-Class:  15.00 KB
       Class:  27.00 KB
        Both:  42.00 KB

MaxMetaspaceSize: 17179869184.00 GB
CompressedClassSpaceSize: 1.00 GB
Initial GC threshold: 20.80 MB
Current GC threshold: 35.00 MB
CDS: off

CodeHeap 'non-profiled nmethods': size=120064Kb used=462Kb max_used=462Kb free=119601Kb
 bounds [0x00000000129e0000, 0x0000000012c50000, 0x0000000019f20000]
CodeHeap 'profiled nmethods': size=120000Kb used=2890Kb max_used=2890Kb free=117109Kb
 bounds [0x000000000b4b0000, 0x000000000b790000, 0x00000000129e0000]
CodeHeap 'non-nmethods': size=5696Kb used=1189Kb max_used=1205Kb free=4506Kb
 bounds [0x000000000af20000, 0x000000000b190000, 0x000000000b4b0000]
 total_blobs=1968 nmethods=1510 adapters=372
 compilation: enabled
              stopped_count=0, restarted_count=0
 full_count=0

Compilation events (20 events):
Event: 483.467 Thread 0x000000005f658000 nmethod 1501 0x0000000012a4fb10 code [0x0000000012a4fca0, 0x0000000012a4fd18]
Event: 489.556 Thread 0x000000005f658000 1502       4       kotlin.coroutines.CombinedContext::get (74 bytes)
Event: 489.558 Thread 0x000000005f658000 nmethod 1502 0x0000000012a4fe10 code [0x0000000012a4ffc0, 0x0000000012a500d8]
Event: 731.611 Thread 0x000000005f658000 1506       4       kotlinx.coroutines.JobSupport::get (13 bytes)
Event: 735.270 Thread 0x000000005f658000 nmethod 1506 0x0000000012a50290 code [0x0000000012a50420, 0x0000000012a50498]
Event: 840.788 Thread 0x000000005f658000 1509       4       kotlinx.coroutines.scheduling.CoroutineScheduler$Worker::blockingQuiescence (50 bytes)
Event: 848.028 Thread 0x000000005f658000 nmethod 1509 0x0000000012a50590 code [0x0000000012a50740, 0x0000000012a50808]
Event: 848.062 Thread 0x000000005f658000 1510       4       kotlinx.coroutines.scheduling.CoroutineScheduler$Worker::doPark (23 bytes)
Event: 864.020 Thread 0x000000005f658000 nmethod 1510 0x0000000012a50990 code [0x0000000012a50b60, 0x0000000012a50ea8]
Event: 873.533 Thread 0x000000005f658000 1511       4       kotlinx.coroutines.AbstractCoroutine::isActive (5 bytes)
Event: 876.088 Thread 0x000000005f658000 nmethod 1511 0x0000000012a51210 code [0x0000000012a513c0, 0x0000000012a51518]
Event: 880.498 Thread 0x000000005f658000 1512 %     4       kotlinx.coroutines.scheduling.CoroutineScheduler$Worker::run @ 2 (107 bytes)
Event: 893.183 Thread 0x000000005f65a000 1516       3       kotlinx.coroutines.scheduling.CoroutineScheduler$Worker::doPark (23 bytes)
Event: 901.391 Thread 0x000000005f65a000 nmethod 1516 0x000000000b782410 code [0x000000000b782600, 0x000000000b782908]
Event: 938.321 Thread 0x000000005f658000 nmethod 1512% 0x0000000012a51690 code [0x0000000012a519a0, 0x0000000012a52798]
Event: 938.321 Thread 0x000000005f658000 1513       4       java.util.concurrent.Semaphore$Sync::tryReleaseShared (38 bytes)
Event: 938.323 Thread 0x000000005f658000 nmethod 1513 0x0000000012a53510 code [0x0000000012a536a0, 0x0000000012a53778]
Event: 938.323 Thread 0x000000005f658000 1514       4       java.util.concurrent.locks.AbstractQueuedSynchronizer::doReleaseShared (79 bytes)
Event: 938.323 Thread 0x000000005f658000 nmethod 1514 0x0000000012a53890 code [0x0000000012a53a20, 0x0000000012a53a98]
Event: 963.521 Thread 0x000000005f658000 1517       4       kotlinx.coroutines.internal.ThreadContextKt$countAll$1::invoke (10 bytes)

GC Heap History (18 events):
Event: 14.302 GC heap before
{Heap before GC invocations=0 (full 0):
 garbage-first heap   total 61440K, used 9216K [0x00000000c4400000, 0x0000000100000000)
  region size 1024K, 7 young (7168K), 0 survivors (0K)
 Metaspace       used 8974K, capacity 9083K, committed 9344K, reserved 1058816K
  class space    used 816K, capacity 852K, committed 896K, reserved 1048576K
}
Event: 14.499 GC heap after
{Heap after GC invocations=1 (full 0):
 garbage-first heap   total 61440K, used 2171K [0x00000000c4400000, 0x0000000100000000)
  region size 1024K, 1 young (1024K), 1 survivors (1024K)
 Metaspace       used 8974K, capacity 9083K, committed 9344K, reserved 1058816K
  class space    used 816K, capacity 852K, committed 896K, reserved 1048576K
}
Event: 17.469 GC heap before
{Heap before GC invocations=1 (full 0):
 garbage-first heap   total 61440K, used 4219K [0x00000000c4400000, 0x0000000100000000)
  region size 1024K, 3 young (3072K), 1 survivors (1024K)
 Metaspace       used 10969K, capacity 11153K, committed 11392K, reserved 1058816K
  class space    used 1042K, capacity 1120K, committed 1152K, reserved 1048576K
}
Event: 17.472 GC heap after
{Heap after GC invocations=2 (full 0):
 garbage-first heap   total 61440K, used 2671K [0x00000000c4400000, 0x0000000100000000)
  region size 1024K, 1 young (1024K), 1 survivors (1024K)
 Metaspace       used 10969K, capacity 11153K, committed 11392K, reserved 1058816K
  class space    used 1042K, capacity 1120K, committed 1152K, reserved 1048576K
}
Event: 18.701 GC heap before
{Heap before GC invocations=2 (full 0):
 garbage-first heap   total 61440K, used 4719K [0x00000000c4400000, 0x0000000100000000)
  region size 1024K, 3 young (3072K), 1 survivors (1024K)
 Metaspace       used 12020K, capacity 12195K, committed 12288K, reserved 1060864K
  class space    used 1189K, capacity 1254K, committed 1280K, reserved 1048576K
}
Event: 18.706 GC heap after
{Heap after GC invocations=3 (full 0):
 garbage-first heap   total 61440K, used 3146K [0x00000000c4400000, 0x0000000100000000)
  region size 1024K, 1 young (1024K), 1 survivors (1024K)
 Metaspace       used 12020K, capacity 12195K, committed 12288K, reserved 1060864K
  class space    used 1189K, capacity 1254K, committed 1280K, reserved 1048576K
}
Event: 19.685 GC heap before
{Heap before GC invocations=3 (full 0):
 garbage-first heap   total 61440K, used 4170K [0x00000000c4400000, 0x0000000100000000)
  region size 1024K, 3 young (3072K), 1 survivors (1024K)
 Metaspace       used 12934K, capacity 13107K, committed 13440K, reserved 1060864K
  class space    used 1273K, capacity 1322K, committed 1408K, reserved 1048576K
}
Event: 19.687 GC heap after
{Heap after GC invocations=4 (full 0):
 garbage-first heap   total 61440K, used 3494K [0x00000000c4400000, 0x0000000100000000)
  region size 1024K, 1 young (1024K), 1 survivors (1024K)
 Metaspace       used 12934K, capacity 13107K, committed 13440K, reserved 1060864K
  class space    used 1273K, capacity 1322K, committed 1408K, reserved 1048576K
}
Event: 20.236 GC heap before
{Heap before GC invocations=4 (full 0):
 garbage-first heap   total 61440K, used 6566K [0x00000000c4400000, 0x0000000100000000)
  region size 1024K, 4 young (4096K), 1 survivors (1024K)
 Metaspace       used 13932K, capacity 14163K, committed 14336K, reserved 1062912K
  class space    used 1394K, capacity 1482K, committed 1536K, reserved 1048576K
}
Event: 20.238 GC heap after
{Heap after GC invocations=5 (full 0):
 garbage-first heap   total 61440K, used 3566K [0x00000000c4400000, 0x0000000100000000)
  region size 1024K, 1 young (1024K), 1 survivors (1024K)
 Metaspace       used 13932K, capacity 14163K, committed 14336K, reserved 1062912K
  class space    used 1394K, capacity 1482K, committed 1536K, reserved 1048576K
}
Event: 21.468 GC heap before
{Heap before GC invocations=5 (full 0):
 garbage-first heap   total 61440K, used 7662K [0x00000000c4400000, 0x0000000100000000)
  region size 1024K, 6 young (6144K), 1 survivors (1024K)
 Metaspace       used 15647K, capacity 15929K, committed 16000K, reserved 1062912K
  class space    used 1560K, capacity 1644K, committed 1664K, reserved 1048576K
}
Event: 21.470 GC heap after
{Heap after GC invocations=6 (full 0):
 garbage-first heap   total 61440K, used 3853K [0x00000000c4400000, 0x0000000100000000)
  region size 1024K, 1 young (1024K), 1 survivors (1024K)
 Metaspace       used 15647K, capacity 15929K, committed 16000K, reserved 1062912K
  class space    used 1560K, capacity 1644K, committed 1664K, reserved 1048576K
}
Event: 22.248 GC heap before
{Heap before GC invocations=6 (full 0):
 garbage-first heap   total 61440K, used 11021K [0x00000000c4400000, 0x0000000100000000)
  region size 1024K, 8 young (8192K), 1 survivors (1024K)
 Metaspace       used 17598K, capacity 17817K, committed 18048K, reserved 1064960K
  class space    used 1807K, capacity 1868K, committed 1920K, reserved 1048576K
}
Event: 22.253 GC heap after
{Heap after GC invocations=7 (full 0):
 garbage-first heap   total 61440K, used 4171K [0x00000000c4400000, 0x0000000100000000)
  region size 1024K, 1 young (1024K), 1 survivors (1024K)
 Metaspace       used 17598K, capacity 17817K, committed 18048K, reserved 1064960K
  class space    used 1807K, capacity 1868K, committed 1920K, reserved 1048576K
}
Event: 24.958 GC heap before
{Heap before GC invocations=7 (full 0):
 garbage-first heap   total 61440K, used 12363K [0x00000000c4400000, 0x0000000100000000)
  region size 1024K, 10 young (10240K), 1 survivors (1024K)
 Metaspace       used 20370K, capacity 20615K, committed 20736K, reserved 1067008K
  class space    used 2138K, capacity 2226K, committed 2304K, reserved 1048576K
}
Event: 24.961 GC heap after
{Heap after GC invocations=8 (full 0):
 garbage-first heap   total 61440K, used 4559K [0x00000000c4400000, 0x0000000100000000)
  region size 1024K, 2 young (2048K), 2 survivors (2048K)
 Metaspace       used 20370K, capacity 20615K, committed 20736K, reserved 1067008K
  class space    used 2138K, capacity 2226K, committed 2304K, reserved 1048576K
}
Event: 26.398 GC heap before
{Heap before GC invocations=8 (full 0):
 garbage-first heap   total 61440K, used 4559K [0x00000000c4400000, 0x0000000100000000)
  region size 1024K, 3 young (3072K), 2 survivors (2048K)
 Metaspace       used 20971K, capacity 21162K, committed 21248K, reserved 1069056K
  class space    used 2210K, capacity 2259K, committed 2304K, reserved 1048576K
}
Event: 26.402 GC heap after
{Heap after GC invocations=9 (full 0):
 garbage-first heap   total 61440K, used 4770K [0x00000000c4400000, 0x0000000100000000)
  region size 1024K, 2 young (2048K), 2 survivors (2048K)
 Metaspace       used 20971K, capacity 21162K, committed 21248K, reserved 1069056K
  class space    used 2210K, capacity 2259K, committed 2304K, reserved 1048576K
}

Deoptimization events (20 events):
Event: 214.996 Thread 0x0000000061157000 Uncommon trap: trap_request=0xffffffde fr.pc=0x0000000012a3f3b4 relative=0x00000000000009d4
Event: 214.996 Thread 0x0000000061157000 Uncommon trap: reason=class_check action=maybe_recompile pc=0x0000000012a3f3b4 method=kotlinx.coroutines.scheduling.WorkQueue.tryStealLastScheduled(JLkotlinx/coroutines/scheduling/WorkQueue;Lkotlinx/coroutines/scheduling/GlobalQueue;)Z @ 4 c2
Event: 214.996 Thread 0x0000000061157000 DEOPT PACKING pc=0x0000000012a3f3b4 sp=0x0000000061fff470
Event: 214.996 Thread 0x0000000061157000 DEOPT UNPACKING pc=0x000000000af6a1a9 sp=0x0000000061fff1d8 mode 2
Event: 215.747 Thread 0x0000000061157000 Uncommon trap: trap_request=0xffffff4d fr.pc=0x0000000012a17df4 relative=0x0000000000000234
Event: 215.747 Thread 0x0000000061157000 Uncommon trap: reason=unstable_if action=reinterpret pc=0x0000000012a17df4 method=java.util.concurrent.ConcurrentHashMap.get(Ljava/lang/Object;)Ljava/lang/Object; @ 76 c2
Event: 215.747 Thread 0x0000000061157000 DEOPT PACKING pc=0x0000000012a17df4 sp=0x0000000061ffaae0
Event: 215.747 Thread 0x0000000061157000 DEOPT UNPACKING pc=0x000000000af6a1a9 sp=0x0000000061ffaa58 mode 2
Event: 215.923 Thread 0x0000000060863800 Uncommon trap: trap_request=0xffffffde fr.pc=0x0000000012a3f3b4 relative=0x00000000000009d4
Event: 215.923 Thread 0x0000000060863800 Uncommon trap: reason=class_check action=maybe_recompile pc=0x0000000012a3f3b4 method=kotlinx.coroutines.scheduling.WorkQueue.tryStealLastScheduled(JLkotlinx/coroutines/scheduling/WorkQueue;Lkotlinx/coroutines/scheduling/GlobalQueue;)Z @ 4 c2
Event: 215.923 Thread 0x0000000060863800 DEOPT PACKING pc=0x0000000012a3f3b4 sp=0x0000000062bdf170
Event: 215.923 Thread 0x0000000060863800 DEOPT UNPACKING pc=0x000000000af6a1a9 sp=0x0000000062bdeed8 mode 2
Event: 231.507 Thread 0x0000000060863800 Uncommon trap: trap_request=0xffffff4d fr.pc=0x0000000012a3f09c relative=0x00000000000006bc
Event: 231.507 Thread 0x0000000060863800 Uncommon trap: reason=unstable_if action=reinterpret pc=0x0000000012a3f09c method=kotlinx.coroutines.scheduling.CoroutineScheduler$Worker.tryAcquireCpuPermit()Z @ 25 c2
Event: 231.507 Thread 0x0000000060863800 DEOPT PACKING pc=0x0000000012a3f09c sp=0x0000000062bdf170
Event: 231.507 Thread 0x0000000060863800 DEOPT UNPACKING pc=0x000000000af6a1a9 sp=0x0000000062bdf108 mode 2
Event: 881.877 Thread 0x0000000060825000 Uncommon trap: trap_request=0xffffff4d fr.pc=0x0000000012a50d3c relative=0x00000000000001dc
Event: 884.442 Thread 0x0000000060825000 Uncommon trap: reason=unstable_if action=reinterpret pc=0x0000000012a50d3c method=kotlinx.coroutines.scheduling.CoroutineScheduler.parkedWorkersStackPush(Lkotlinx/coroutines/scheduling/CoroutineScheduler$Worker;)V @ 115 c2
Event: 884.632 Thread 0x0000000060825000 DEOPT PACKING pc=0x0000000012a50d3c sp=0x0000000061eff3d0
Event: 886.195 Thread 0x0000000060825000 DEOPT UNPACKING pc=0x000000000af6a1a9 sp=0x0000000061eff280 mode 2

Classes redefined (0 events):
No events

Internal exceptions (11 events):
Event: 14.072 Thread 0x0000000000530000 Exception <a 'java/lang/ClassNotFoundException'{0x00000000c7991450}: javax/smartcardio/CardPermission> (0x00000000c7991450) thrown at [s\src\hotspot\share\classfile\systemDictionary.cpp, line 230]
Event: 14.193 Thread 0x0000000000530000 Exception <a 'java/io/FileNotFoundException'{0x00000000c799fb48}> (0x00000000c799fb48) thrown at [s\src\hotspot\share\prims\jni.cpp, line 617]
Event: 14.805 Thread 0x0000000000530000 Exception <a 'java/lang/NoSuchMethodError'{0x00000000c7fdd4c8}: 'java.lang.Object java.lang.invoke.DirectMethodHandle$Holder.invokeStatic(java.lang.Object, java.lang.Object, java.lang.Object, java.lang.Object, java.lang.Object, java.lang.Object, java.lang.Object, java.lang.Object, java.lang.Object, java.lang.Object, java.lang.Object, java.lang.Object, java.lang.Object, java.lang.Object, java.lang.Object)'> (0x00000000c7fdd4c8) thrown at [s\src\hotspot\share\interpreter\linkResolver.cpp, line 773]
Event: 14.810 Thread 0x0000000000530000 Exception <a 'java/lang/NoSuchMethodError'{0x00000000c7feb938}: 'java.lang.Object java.lang.invoke.DirectMethodHandle$Holder.invokeStatic(java.lang.Object, java.lang.Object, java.lang.Object, java.lang.Object, java.lang.Object, java.lang.Object, java.lang.Object, java.lang.Object, java.lang.Object, java.lang.Object, java.lang.Object, java.lang.Object, java.lang.Object, java.lang.Object, java.lang.Object, java.lang.Object)'> (0x00000000c7feb938) thrown at [s\src\hotspot\share\interpreter\linkResolver.cpp, l
Event: 14.820 Thread 0x0000000000530000 Exception <a 'java/lang/NoSuchMethodError'{0x00000000c7ffacf8}: 'java.lang.Object java.lang.invoke.DirectMethodHandle$Holder.invokeSpecial(java.lang.Object, java.lang.Object, int, int, java.lang.Object, java.lang.Object, java.lang.Object)'> (0x00000000c7ffacf8) thrown at [s\src\hotspot\share\interpreter\linkResolver.cpp, line 773]
Event: 14.820 Thread 0x0000000000530000 Exception <a 'java/lang/NoSuchMethodError'{0x00000000c7ffe6e8}: 'java.lang.Object java.lang.invoke.DelegatingMethodHandle$Holder.reinvoke_L(java.lang.Object, int, int, java.lang.Object, java.lang.Object, java.lang.Object)'> (0x00000000c7ffe6e8) thrown at [s\src\hotspot\share\interpreter\linkResolver.cpp, line 773]
Event: 14.838 Thread 0x0000000000530000 Exception <a 'java/lang/NoSuchMethodError'{0x00000000c7e02ff8}: 'java.lang.Object java.lang.invoke.DirectMethodHandle$Holder.invokeStatic(java.lang.Object, java.lang.Object, java.lang.Object, java.lang.Object, int)'> (0x00000000c7e02ff8) thrown at [s\src\hotspot\share\interpreter\linkResolver.cpp, line 773]
Event: 19.084 Thread 0x0000000000530000 Exception <a 'java/lang/NoSuchMethodError'{0x00000000c7e36e78}: 'org.slf4j.impl.StaticMDCBinder org.slf4j.impl.StaticMDCBinder.getSingleton()'> (0x00000000c7e36e78) thrown at [s\src\hotspot\share\interpreter\linkResolver.cpp, line 773]
Event: 24.568 Thread 0x0000000060825000 Implicit null exception at 0x0000000012a20aae to 0x0000000012a21514
Event: 26.736 Thread 0x0000000060824000 Exception <a 'java/lang/NoSuchMethodError'{0x00000000c7f353c0}: 'java.lang.Object java.lang.invoke.DirectMethodHandle$Holder.invokeStaticInit(java.lang.Object, int, int, int, int)'> (0x00000000c7f353c0) thrown at [s\src\hotspot\share\interpreter\linkResolver.cpp, line 773]
Event: 46.245 Thread 0x0000000060824000 Exception <a 'java/lang/NoSuchMethodError'{0x00000000c7c340c8}: 'java.lang.Object java.lang.invoke.DirectMethodHandle$Holder.invokeStaticInit(java.lang.Object, java.lang.Object, int, int, int, int)'> (0x00000000c7c340c8) thrown at [s\src\hotspot\share\interpreter\linkResolver.cpp, line 773]

Events (20 events):
Event: 215.918 loading class io/ktor/http/Headers$DefaultImpls done
Event: 215.919 loading class io/ktor/util/StringValues$DefaultImpls
Event: 215.919 loading class io/ktor/util/StringValues$DefaultImpls done
Event: 215.919 loading class io/ktor/response/ApplicationResponsePropertiesKt
Event: 215.919 loading class io/ktor/response/ApplicationResponsePropertiesKt done
Event: 215.920 loading class io/ktor/server/cio/CIOApplicationResponse$respondNoContent$1
Event: 215.920 loading class io/ktor/server/cio/CIOApplicationResponse$respondNoContent$1 done
Event: 215.920 loading class io/ktor/server/cio/CIOApplicationResponse$sendResponseMessage$1
Event: 215.920 loading class io/ktor/server/cio/CIOApplicationResponse$sendResponseMessage$1 done
Event: 215.921 loading class kotlinx/io/core/Input$DefaultImpls
Event: 215.921 loading class kotlinx/io/core/Input$DefaultImpls done
Event: 215.922 loading class kotlinx/io/core/internal/UnsafeKt
Event: 215.922 loading class kotlinx/io/core/internal/UnsafeKt done
Event: 215.923 loading class kotlinx/coroutines/IncompleteStateBox
Event: 215.923 loading class kotlinx/coroutines/IncompleteStateBox done
Event: 215.992 loading class kotlinx/coroutines/io/ByteReadChannelKt
Event: 215.992 loading class kotlinx/coroutines/io/ByteReadChannelKt done
Event: 893.795 Executing VM operation: RevokeBias
Event: 896.886 Executing VM operation: RevokeBias done
Event: 908.919 Thread 0x0000000060863800 Thread exited: 0x0000000060863800


Dynamic libraries:
0x000000013f820000 - 0x000000013f82e000 	C:\Program Files\Eclipse Adoptium\jdk-11.0.19.7-hotspot\bin\java.exe
0x00000000773e0000 - 0x000000007758a000 	C:\Windows\SYSTEM32\ntdll.dll
0x00000000772c0000 - 0x00000000773df000 	C:\Windows\system32\kernel32.dll
0x000007fefd3c0000 - 0x000007fefd42a000 	C:\Windows\system32\KERNELBASE.dll
0x000007fef6640000 - 0x000007fef6658000 	C:\Program Files\Eclipse Adoptium\jdk-11.0.19.7-hotspot\bin\jli.dll
0x000007fefa200000 - 0x000007fefa3f4000 	C:\Windows\WinSxS\amd64_microsoft.windows.common-controls_6595b64144ccf1df_6.0.7601.18837_none_fa3b1e3d17594757\COMCTL32.dll
0x000007fefd500000 - 0x000007fefd59f000 	C:\Windows\system32\msvcrt.dll
0x000007fefd490000 - 0x000007fefd4f7000 	C:\Windows\system32\GDI32.dll
0x00000000771c0000 - 0x00000000772ba000 	C:\Windows\system32\USER32.dll
0x000007fefebd0000 - 0x000007fefebde000 	C:\Windows\system32\LPK.dll
0x000007feff060000 - 0x000007feff12b000 	C:\Windows\system32\USP10.dll
0x000007fefdc20000 - 0x000007fefdc91000 	C:\Windows\system32\SHLWAPI.dll
0x000007fef6660000 - 0x000007fef6679000 	C:\Program Files\Eclipse Adoptium\jdk-11.0.19.7-hotspot\bin\VCRUNTIME140.dll
0x000007fef68e0000 - 0x000007fef68e4000 	C:\Program Files\Eclipse Adoptium\jdk-11.0.19.7-hotspot\bin\api-ms-win-crt-runtime-l1-1-0.dll
0x000007fef47e0000 - 0x000007fef48da000 	C:\Program Files\Eclipse Adoptium\jdk-11.0.19.7-hotspot\bin\ucrtbase.DLL
0x000007fef68c0000 - 0x000007fef68c3000 	C:\Program Files\Eclipse Adoptium\jdk-11.0.19.7-hotspot\bin\api-ms-win-core-localization-l1-2-0.dll
0x000007fef6630000 - 0x000007fef6633000 	C:\Program Files\Eclipse Adoptium\jdk-11.0.19.7-hotspot\bin\api-ms-win-core-processthreads-l1-1-1.dll
0x000007fef66f0000 - 0x000007fef66f3000 	C:\Program Files\Eclipse Adoptium\jdk-11.0.19.7-hotspot\bin\api-ms-win-core-file-l1-2-0.dll
0x000007fef6610000 - 0x000007fef6613000 	C:\Program Files\Eclipse Adoptium\jdk-11.0.19.7-hotspot\bin\api-ms-win-core-timezone-l1-1-0.dll
0x000007fef6620000 - 0x000007fef6623000 	C:\Program Files\Eclipse Adoptium\jdk-11.0.19.7-hotspot\bin\api-ms-win-core-file-l2-1-0.dll
0x000007fef6020000 - 0x000007fef6023000 	C:\Program Files\Eclipse Adoptium\jdk-11.0.19.7-hotspot\bin\api-ms-win-core-synch-l1-2-0.dll
0x000007fef6600000 - 0x000007fef6603000 	C:\Program Files\Eclipse Adoptium\jdk-11.0.19.7-hotspot\bin\api-ms-win-crt-heap-l1-1-0.dll
0x000007fef6000000 - 0x000007fef6004000 	C:\Program Files\Eclipse Adoptium\jdk-11.0.19.7-hotspot\bin\api-ms-win-crt-string-l1-1-0.dll
0x000007fef6010000 - 0x000007fef6014000 	C:\Program Files\Eclipse Adoptium\jdk-11.0.19.7-hotspot\bin\api-ms-win-crt-stdio-l1-1-0.dll
0x000007fef5fe0000 - 0x000007fef5fe4000 	C:\Program Files\Eclipse Adoptium\jdk-11.0.19.7-hotspot\bin\api-ms-win-crt-convert-l1-1-0.dll
0x000007fef5ff0000 - 0x000007fef5ff3000 	C:\Program Files\Eclipse Adoptium\jdk-11.0.19.7-hotspot\bin\api-ms-win-crt-environment-l1-1-0.dll
0x000007fef5f80000 - 0x000007fef5f83000 	C:\Program Files\Eclipse Adoptium\jdk-11.0.19.7-hotspot\bin\api-ms-win-crt-filesystem-l1-1-0.dll
0x000007fef5fd0000 - 0x000007fef5fd5000 	C:\Program Files\Eclipse Adoptium\jdk-11.0.19.7-hotspot\bin\api-ms-win-crt-math-l1-1-0.dll
0x000007fef5f60000 - 0x000007fef5f63000 	C:\Program Files\Eclipse Adoptium\jdk-11.0.19.7-hotspot\bin\api-ms-win-crt-locale-l1-1-0.dll
0x000007fefedc0000 - 0x000007fefedee000 	C:\Windows\system32\IMM32.DLL
0x000007feff130000 - 0x000007feff239000 	C:\Windows\system32\MSCTF.dll
0x000007fef5f70000 - 0x000007fef5f7c000 	C:\Program Files\Eclipse Adoptium\jdk-11.0.19.7-hotspot\bin\vcruntime140_1.dll
0x000007fef4ad0000 - 0x000007fef4b61000 	C:\Program Files\Eclipse Adoptium\jdk-11.0.19.7-hotspot\bin\msvcp140.dll
0x000007fef5f40000 - 0x000007fef5f43000 	C:\Program Files\Eclipse Adoptium\jdk-11.0.19.7-hotspot\bin\api-ms-win-crt-time-l1-1-0.dll
0x000007fef5f50000 - 0x000007fef5f53000 	C:\Program Files\Eclipse Adoptium\jdk-11.0.19.7-hotspot\bin\api-ms-win-crt-utility-l1-1-0.dll
0x000007fed2d30000 - 0x000007fed38ec000 	C:\Program Files\Eclipse Adoptium\jdk-11.0.19.7-hotspot\bin\server\jvm.dll
0x000007feff240000 - 0x000007feff31b000 	C:\Windows\system32\ADVAPI32.dll
0x000007fefeeb0000 - 0x000007fefeecf000 	C:\Windows\SYSTEM32\sechost.dll
0x000007feff5c0000 - 0x000007feff6ed000 	C:\Windows\system32\RPCRT4.dll
0x000007fee5de0000 - 0x000007fee5de9000 	C:\Windows\system32\WSOCK32.dll
0x000007fefee60000 - 0x000007fefeead000 	C:\Windows\system32\WS2_32.dll
0x000007fefedf0000 - 0x000007fefedf8000 	C:\Windows\system32\NSI.dll
0x000007fef4010000 - 0x000007fef404b000 	C:\Windows\system32\WINMM.dll
0x000007fefb620000 - 0x000007fefb62c000 	C:\Windows\system32\VERSION.dll
0x00000000775b0000 - 0x00000000775b7000 	C:\Windows\system32\PSAPI.DLL
0x000007fef5f20000 - 0x000007fef5f30000 	C:\Program Files\Eclipse Adoptium\jdk-11.0.19.7-hotspot\bin\verify.dll
0x000007fef7090000 - 0x000007fef71b5000 	C:\Windows\system32\DBGHELP.DLL
0x000007fef5930000 - 0x000007fef5958000 	C:\Program Files\Eclipse Adoptium\jdk-11.0.19.7-hotspot\bin\java.dll
0x000007fef5f30000 - 0x000007fef5f3a000 	C:\Program Files\Eclipse Adoptium\jdk-11.0.19.7-hotspot\bin\jimage.dll
0x000007fef5970000 - 0x000007fef5988000 	C:\Program Files\Eclipse Adoptium\jdk-11.0.19.7-hotspot\bin\zip.dll
0x000007fefde40000 - 0x000007fefebca000 	C:\Windows\system32\SHELL32.dll
0x000007feff3c0000 - 0x000007feff5bc000 	C:\Windows\system32\ole32.dll
0x000007fefd0e0000 - 0x000007fefd0ef000 	C:\Windows\system32\profapi.dll
0x000007fef5ba0000 - 0x000007fef5bb9000 	C:\Program Files\Eclipse Adoptium\jdk-11.0.19.7-hotspot\bin\net.dll
0x000007fef8e70000 - 0x000007fef8ee1000 	C:\Windows\system32\WINHTTP.dll
0x000007fef8e00000 - 0x000007fef8e65000 	C:\Windows\system32\webio.dll
0x000007fefc860000 - 0x000007fefc8b5000 	C:\Windows\system32\mswsock.dll
0x000007fefc850000 - 0x000007fefc857000 	C:\Windows\System32\wship6.dll
0x000007fef5910000 - 0x000007fef5923000 	C:\Program Files\Eclipse Adoptium\jdk-11.0.19.7-hotspot\bin\nio.dll
0x000007fefc8c0000 - 0x000007fefc8d8000 	C:\Windows\system32\CRYPTSP.dll
0x000007fefc5c0000 - 0x000007fefc607000 	C:\Windows\system32\rsaenh.dll
0x000007fefd140000 - 0x000007fefd15e000 	C:\Windows\system32\USERENV.dll
0x000007fefcf70000 - 0x000007fefcf7f000 	C:\Windows\system32\CRYPTBASE.dll
0x000007fefad20000 - 0x000007fefad47000 	C:\Windows\system32\IPHLPAPI.DLL
0x000007fefad10000 - 0x000007fefad1b000 	C:\Windows\system32\WINNSI.DLL
0x000007fef8fd0000 - 0x000007fef8fe1000 	C:\Windows\system32\dhcpcsvc6.DLL
0x000007fef8f80000 - 0x000007fef8f98000 	C:\Windows\system32\dhcpcsvc.DLL

dbghelp: loaded successfully - version: 4.0.5 - missing functions: none
symbol engine: initialized successfully - sym options: 0x614 - pdb path: .;C:\Program Files\Eclipse Adoptium\jdk-11.0.19.7-hotspot\bin;C:\Windows\SYSTEM32;C:\Windows\WinSxS\amd64_microsoft.windows.common-controls_6595b64144ccf1df_6.0.7601.18837_none_fa3b1e3d17594757;C:\Program Files\Eclipse Adoptium\jdk-11.0.19.7-hotspot\bin\server

VM Arguments:
java_command: artifacts/app-ibank.jar -P:profile=test
java_class_path (initial): artifacts/app-ibank.jar
Launcher Type: SUN_STANDARD

[Global flags]
     intx CICompilerCount                          = 2                                         {product} {ergonomic}
     uint ConcGCThreads                            = 1                                         {product} {ergonomic}
     uint G1ConcRefinementThreads                  = 2                                         {product} {ergonomic}
   size_t G1HeapRegionSize                         = 1048576                                   {product} {ergonomic}
    uintx GCDrainStackTargetSize                   = 64                                        {product} {ergonomic}
   size_t InitialHeapSize                          = 62914560                                  {product} {ergonomic}
   size_t MarkStackSize                            = 4194304                                   {product} {ergonomic}
   size_t MaxHeapSize                              = 1002438656                                {product} {ergonomic}
   size_t MaxNewSize                               = 600834048                                 {product} {ergonomic}
   size_t MinHeapDeltaBytes                        = 1048576                                   {product} {ergonomic}
    uintx NonNMethodCodeHeapSize                   = 5825164                                {pd product} {ergonomic}
    uintx NonProfiledCodeHeapSize                  = 122916538                              {pd product} {ergonomic}
    uintx ProfiledCodeHeapSize                     = 122916538                              {pd product} {ergonomic}
    uintx ReservedCodeCacheSize                    = 251658240                              {pd product} {ergonomic}
     bool SegmentedCodeCache                       = true                                      {product} {ergonomic}
     bool UseCompressedClassPointers               = true                                 {lp64_product} {ergonomic}
     bool UseCompressedOops                        = true                                 {lp64_product} {ergonomic}
     bool UseG1GC                                  = true                                      {product} {ergonomic}
     bool UseLargePagesIndividualAllocation        = false                                  {pd product} {ergonomic}

Logging:
Log output configuration:
 #0: stdout all=warning uptime,level,tags
 #1: stderr all=off uptime,level,tags

Environment Variables:
PATH=C:\Program Files\Eclipse Adoptium\jdk-11.0.19.7-hotspot\bin;C:\Windows\system32;C:\Windows;C:\Windows\System32\Wbem;C:\Windows\System32\WindowsPowerShell\v1.0\;C:\Program Files\Git\cmd
USERNAME=Admin
OS=Windows_NT
PROCESSOR_IDENTIFIER=Intel64 Family 6 Model 42 Stepping 7, GenuineIntel
TMP=C:\Users\Admin\AppData\Local\Temp
TEMP=C:\Users\Admin\AppData\Local\Temp



---------------  S Y S T E M  ---------------

OS: Windows 7 , 64 bit Build 7601 (6.1.7601.23915)
OS uptime: 0 days 4:19 hours

CPU:total 2 (initial active 2) (2 cores per cpu, 1 threads per core) family 6 model 42 stepping 7 microcode 0x0, cmov, cx8, fxsr, mmx, sse, sse2, sse3, ssse3, sse4.1, sse4.2, popcnt, clmul, tsc, tscinvbit

Memory: 4k page, system-wide physical 3816M (27M free)
TotalPageFile size 15265M (AvailPageFile size 8M)
current process WorkingSet (physical memory assigned to process): 14M, peak: 74M
current process commit charge ("private bytes"): 152M, peak: 155M

vm_info: OpenJDK 64-Bit Server VM (11.0.19+7) for windows-amd64 JRE (11.0.19+7), built on Apr 18 2023 23:12:18 by "" with MS VC++ 16.7 (VS2019)

END.
